# JRE version: Java(TM) SE Runtime Environment (7.0_51-b13) (build 1.7.0_51-b13)
# Java VM: Java HotSpot(TM) 64-Bit Server VM (24.51-b03 mixed mode windows-amd64 compressed oops)
Heap
 PSYoungGen      total 264192K, used 61762K [0x00000000eaa80000, 0x00000000fce00000, 0x0000000100000000)
  eden space 234496K, 26% used [0x00000000eaa80000,0x00000000ee6d08e0,0x00000000f8f80000)
  from space 29696K, 0% used [0x00000000fae00000,0x00000000fae00000,0x00000000fcb00000)
  to   space 31232K, 0% used [0x00000000f8f80000,0x00000000f8f80000,0x00000000fae00000)
 ParOldGen       total 106496K, used 93925K [0x00000000c0000000, 0x00000000c6800000, 0x00000000eaa80000)
  object space 106496K, 88% used [0x00000000c0000000,0x00000000c5bb9410,0x00000000c6800000)
 PSPermGen       total 105472K, used 70410K [0x00000000b0000000, 0x00000000b6700000, 0x00000000c0000000)
  object space 105472K, 66% used [0x00000000b0000000,0x00000000b44c2888,0x00000000b6700000)
GC Heap History (10 events):
Event: 259.488 GC heap before
{Heap before GC invocations=20 (full 4):
 PSYoungGen      total 260608K, used 1650K [0x00000000eaa80000, 0x00000000fc600000, 0x0000000100000000)
  eden space 233472K, 0% used [0x00000000eaa80000,0x00000000eaa80000,0x00000000f8e80000)
  from space 27136K, 6% used [0x00000000fa900000,0x00000000faa9c928,0x00000000fc380000)
  to   space 27136K, 0% used [0x00000000f8e80000,0x00000000f8e80000,0x00000000fa900000)
 ParOldGen       total 106496K, used 67941K [0x00000000c0000000, 0x00000000c6800000, 0x00000000eaa80000)
  object space 106496K, 63% used [0x00000000c0000000,0x00000000c4259670,0x00000000c6800000)
 PSPermGen       total 98816K, used 56842K [0x00000000b0000000, 0x00000000b6080000, 0x00000000c0000000)
  object space 98816K, 57% used [0x00000000b0000000,0x00000000b3782ae0,0x00000000b6080000)
Event: 259.829 GC heap after
Heap after GC invocations=20 (full 4):
 PSYoungGen      total 260608K, used 0K [0x00000000eaa80000, 0x00000000fc600000, 0x0000000100000000)
  eden space 233472K, 0% used [0x00000000eaa80000,0x00000000eaa80000,0x00000000f8e80000)
  from space 27136K, 0% used [0x00000000fa900000,0x00000000fa900000,0x00000000fc380000)
  to   space 27136K, 0% used [0x00000000f8e80000,0x00000000f8e80000,0x00000000fa900000)
 ParOldGen       total 106496K, used 63958K [0x00000000c0000000, 0x00000000c6800000, 0x00000000eaa80000)
  object space 106496K, 60% used [0x00000000c0000000,0x00000000c3e75b78,0x00000000c6800000)
 PSPermGen       total 99328K, used 56807K [0x00000000b0000000, 0x00000000b6100000, 0x00000000c0000000)
  object space 99328K, 57% used [0x00000000b0000000,0x00000000b3779c68,0x00000000b6100000)
}
Event: 550.135 GC heap before
{Heap before GC invocations=21 (full 4):
 PSYoungGen      total 260608K, used 222749K [0x00000000eaa80000, 0x00000000fc600000, 0x0000000100000000)
  eden space 233472K, 95% used [0x00000000eaa80000,0x00000000f8407468,0x00000000f8e80000)
  from space 27136K, 0% used [0x00000000fa900000,0x00000000fa900000,0x00000000fc380000)
  to   space 27136K, 0% used [0x00000000f8e80000,0x00000000f8e80000,0x00000000fa900000)
 ParOldGen       total 106496K, used 63958K [0x00000000c0000000, 0x00000000c6800000, 0x00000000eaa80000)
  object space 106496K, 60% used [0x00000000c0000000,0x00000000c3e75b78,0x00000000c6800000)
 PSPermGen       total 99328K, used 63559K [0x00000000b0000000, 0x00000000b6100000, 0x00000000c0000000)
  object space 99328K, 63% used [0x00000000b0000000,0x00000000b3e11ce0,0x00000000b6100000)
Event: 550.166 GC heap after
Heap after GC invocations=21 (full 4):
 PSYoungGen      total 260608K, used 21186K [0x00000000eaa80000, 0x00000000fcb00000, 0x0000000100000000)
  eden space 233472K, 0% used [0x00000000eaa80000,0x00000000eaa80000,0x00000000f8e80000)
  from space 27136K, 78% used [0x00000000f8e80000,0x00000000fa330800,0x00000000fa900000)
  to   space 29696K, 0% used [0x00000000fae00000,0x00000000fae00000,0x00000000fcb00000)
 ParOldGen       total 106496K, used 63958K [0x00000000c0000000, 0x00000000c6800000, 0x00000000eaa80000)
  object space 106496K, 60% used [0x00000000c0000000,0x00000000c3e75b78,0x00000000c6800000)
 PSPermGen       total 99328K, used 63559K [0x00000000b0000000, 0x00000000b6100000, 0x00000000c0000000)
  object space 99328K, 63% used [0x00000000b0000000,0x00000000b3e11ce0,0x00000000b6100000)
}
Event: 550.166 GC heap before
{Heap before GC invocations=22 (full 5):
 PSYoungGen      total 260608K, used 21186K [0x00000000eaa80000, 0x00000000fcb00000, 0x0000000100000000)
  eden space 233472K, 0% used [0x00000000eaa80000,0x00000000eaa80000,0x00000000f8e80000)
  from space 27136K, 78% used [0x00000000f8e80000,0x00000000fa330800,0x00000000fa900000)
  to   space 29696K, 0% used [0x00000000fae00000,0x00000000fae00000,0x00000000fcb00000)
 ParOldGen       total 106496K, used 63958K [0x00000000c0000000, 0x00000000c6800000, 0x00000000eaa80000)
  object space 106496K, 60% used [0x00000000c0000000,0x00000000c3e75b78,0x00000000c6800000)
 PSPermGen       total 99328K, used 63559K [0x00000000b0000000, 0x00000000b6100000, 0x00000000c0000000)
  object space 99328K, 63% used [0x00000000b0000000,0x00000000b3e11ce0,0x00000000b6100000)
Event: 550.855 GC heap after
Heap after GC invocations=22 (full 5):
 PSYoungGen      total 260608K, used 0K [0x00000000eaa80000, 0x00000000fcb00000, 0x0000000100000000)
  eden space 233472K, 0% used [0x00000000eaa80000,0x00000000eaa80000,0x00000000f8e80000)
  from space 27136K, 0% used [0x00000000f8e80000,0x00000000f8e80000,0x00000000fa900000)
  to   space 29696K, 0% used [0x00000000fae00000,0x00000000fae00000,0x00000000fcb00000)
 ParOldGen       total 106496K, used 81960K [0x00000000c0000000, 0x00000000c6800000, 0x00000000eaa80000)
  object space 106496K, 76% used [0x00000000c0000000,0x00000000c500a070,0x00000000c6800000)
 PSPermGen       total 102400K, used 63519K [0x00000000b0000000, 0x00000000b6400000, 0x00000000c0000000)
  object space 102400K, 62% used [0x00000000b0000000,0x00000000b3e07e90,0x00000000b6400000)
}
Event: 699.185 GC heap before
{Heap before GC invocations=23 (full 5):
 PSYoungGen      total 260608K, used 227497K [0x00000000eaa80000, 0x00000000fcb00000, 0x0000000100000000)
  eden space 233472K, 97% used [0x00000000eaa80000,0x00000000f88aa6e8,0x00000000f8e80000)
  from space 27136K, 0% used [0x00000000f8e80000,0x00000000f8e80000,0x00000000fa900000)
  to   space 29696K, 0% used [0x00000000fae00000,0x00000000fae00000,0x00000000fcb00000)
 ParOldGen       total 106496K, used 81960K [0x00000000c0000000, 0x00000000c6800000, 0x00000000eaa80000)
  object space 106496K, 76% used [0x00000000c0000000,0x00000000c500a070,0x00000000c6800000)
 PSPermGen       total 102400K, used 70287K [0x00000000b0000000, 0x00000000b6400000, 0x00000000c0000000)
  object space 102400K, 68% used [0x00000000b0000000,0x00000000b44a3e50,0x00000000b6400000)
Event: 699.211 GC heap after
Heap after GC invocations=23 (full 5):
 PSYoungGen      total 264192K, used 19875K [0x00000000eaa80000, 0x00000000fce00000, 0x0000000100000000)
  eden space 234496K, 0% used [0x00000000eaa80000,0x00000000eaa80000,0x00000000f8f80000)
  from space 29696K, 66% used [0x00000000fae00000,0x00000000fc168cb8,0x00000000fcb00000)
  to   space 31232K, 0% used [0x00000000f8f80000,0x00000000f8f80000,0x00000000fae00000)
 ParOldGen       total 106496K, used 81960K [0x00000000c0000000, 0x00000000c6800000, 0x00000000eaa80000)
  object space 106496K, 76% used [0x00000000c0000000,0x00000000c500a070,0x00000000c6800000)
 PSPermGen       total 102400K, used 70287K [0x00000000b0000000, 0x00000000b6400000, 0x00000000c0000000)
  object space 102400K, 68% used [0x00000000b0000000,0x00000000b44a3e50,0x00000000b6400000)
}
Event: 699.211 GC heap before
{Heap before GC invocations=24 (full 6):
 PSYoungGen      total 264192K, used 19875K [0x00000000eaa80000, 0x00000000fce00000, 0x0000000100000000)
  eden space 234496K, 0% used [0x00000000eaa80000,0x00000000eaa80000,0x00000000f8f80000)
  from space 29696K, 66% used [0x00000000fae00000,0x00000000fc168cb8,0x00000000fcb00000)
  to   space 31232K, 0% used [0x00000000f8f80000,0x00000000f8f80000,0x00000000fae00000)
 ParOldGen       total 106496K, used 81960K [0x00000000c0000000, 0x00000000c6800000, 0x00000000eaa80000)
  object space 106496K, 76% used [0x00000000c0000000,0x00000000c500a070,0x00000000c6800000)
 PSPermGen       total 102400K, used 70287K [0x00000000b0000000, 0x00000000b6400000, 0x00000000c0000000)
  object space 102400K, 68% used [0x00000000b0000000,0x00000000b44a3e50,0x00000000b6400000)
Event: 699.816 GC heap after
Heap after GC invocations=24 (full 6):
 PSYoungGen      total 264192K, used 0K [0x00000000eaa80000, 0x00000000fce00000, 0x0000000100000000)
  eden space 234496K, 0% used [0x00000000eaa80000,0x00000000eaa80000,0x00000000f8f80000)
  from space 29696K, 0% used [0x00000000fae00000,0x00000000fae00000,0x00000000fcb00000)
  to   space 31232K, 0% used [0x00000000f8f80000,0x00000000f8f80000,0x00000000fae00000)
 ParOldGen       total 106496K, used 93925K [0x00000000c0000000, 0x00000000c6800000, 0x00000000eaa80000)
  object space 106496K, 88% used [0x00000000c0000000,0x00000000c5bb9410,0x00000000c6800000)
 PSPermGen       total 105472K, used 70248K [0x00000000b0000000, 0x00000000b6700000, 0x00000000c0000000)
  object space 105472K, 66% used [0x00000000b0000000,0x00000000b449a120,0x00000000b6700000)
}

